
==============================================================================
blink.cmp:                                                                1 ⚠️

System ~
- ✅ OK curl is installed
- ✅ OK git is installed
- ✅ OK Your system is supported by pre-built binaries (x86_64-pc-windows-msvc)
- ✅ OK blink_cmp_fuzzy lib is downloaded/built

Sources ~
- ⚠️ WARNING Some providers may show up as "disabled" but are enabled dynamically (e.g. cmdline)

Default sources ~
- lazydev (lazydev.integrations.blink)
- lsp (blink.cmp.sources.lsp)
- path (blink.cmp.sources.path)
- snippets (blink.cmp.sources.snippets)
- buffer (blink.cmp.sources.buffer)

Cmdline sources ~
- buffer (blink.cmp.sources.buffer)
- cmdline (blink.cmp.sources.cmdline)

Disabled sources ~
- omni (blink.cmp.sources.complete_func)

==============================================================================
conform:                                                                    ✅

conform.nvim report ~
- Log file: C:\Users\jamie\AppData\Local\nvim-data\conform.log
- ✅ OK gdformat ready (gdscript)
- ✅ OK stylua ready (lua)

==============================================================================
dap:                                                                        ✅

dap: Adapters ~

dap.adapter: godot ~

dap: Sessions ~
- ✅ OK No active sessions

==============================================================================
lazy:                                                               2 ⚠️  1 ❌

lazy.nvim ~
- {lazy.nvim} version `11.17.5`
- ✅ OK {git} `version 2.52.0.windows.1`
- ✅ OK no existing packages found by other package managers
- ✅ OK packer_compiled.lua not found

luarocks ~
- checking `hererocks` installation
- ✅ OK no plugins require `luarocks`, so you can ignore any warnings below
- ✅ OK {python3} `Python 3.12.10`
- ❌ ERROR {C:/Users/jamie/.local/share/nvim-data/lazy-rocks/hererocks/bin/luarocks} not installed
- ⚠️ WARNING {C:/Users/jamie/.local/share/nvim-data/lazy-rocks/hererocks/bin/lua} version `5.1` not installed
- ⚠️ WARNING Lazy won't be able to install plugins that require `luarocks`.
  Here's what you can do:
   - fix your `luarocks` installation
   - disable *hererocks* with `opts.rocks.hererocks = false`
   - disable `luarocks` support completely with `opts.rocks.enabled = false`

==============================================================================
lspconfig:                                                                  ✅

- Skipped. This healthcheck is redundant with `:checkhealth vim.lsp`.

==============================================================================
mason:                                                                   11 ⚠️

mason.nvim ~
- ✅ OK mason.nvim version v2.2.1
- ✅ OK PATH: prepend
- ✅ OK Providers: 
    mason.providers.registry-api
    mason.providers.client
- ✅ OK neovim version >= 0.10.0

mason.nvim [Registries] ~
- ✅ OK Registry `github.com/mason-org/mason-registry version: 2026-02-13-nutty-leg` is installed.
- ✅ OK Registry `SynthesizedRegistrySource` is installed.

mason.nvim [Core utils] ~
- ✅ OK unzip: `UnZip 6.00 of 20 April 2009, by Info-ZIP.  Maintained by C. Spieler.  Send`
- ⚠️ WARNING wget: not available
  - ADVICE:
    - spawn: wget failed with exit code - and signal -. Could not find executable "wget" in PATH.

- ✅ OK curl: `curl 8.17.0 (x86_64-w64-mingw32) libcurl/8.17.0 Schannel zlib/1.3.1 brotli/1.2.0 zstd/1.5.7 libidn2/2.3.8 libpsl/0.21.5 libssh2/1.11.1`
- ✅ OK gzip: `gzip 1.14`
- ✅ OK tar: `tar (GNU tar) 1.35`
- ✅ OK pwsh: `7.5.4 Microsoft Windows 10.0.26200 Win32NT`
- ✅ OK 7z: `7-Zip 25.01 (x64) : Copyright (c) 1999-2025 Igor Pavlov : 2025-08-03`

mason.nvim [Languages] ~
- ⚠️ WARNING Go: not available
  - ADVICE:
    - spawn: go failed with exit code - and signal -. Could not find executable "go" in PATH.

- ⚠️ WARNING Composer: not available
  - ADVICE:
    - spawn: composer failed with exit code - and signal -. Could not find executable "composer" in PATH.

- ⚠️ WARNING PHP: not available
  - ADVICE:
    - spawn: php failed with exit code - and signal -. Could not find executable "php" in PATH.

- ⚠️ WARNING cargo: not available
  - ADVICE:
    - spawn: cargo failed with exit code - and signal -. Could not find executable "cargo" in PATH.

- ⚠️ WARNING luarocks: not available
  - ADVICE:
    - spawn: luarocks failed with exit code - and signal -. Could not find executable "luarocks" in PATH.

- ⚠️ WARNING javac: not available
  - ADVICE:
    - spawn: javac failed with exit code - and signal -. Could not find executable "javac" in PATH.

- ⚠️ WARNING java: not available
  - ADVICE:
    - spawn: java failed with exit code - and signal -. Could not find executable "java" in PATH.

- ⚠️ WARNING julia: not available
  - ADVICE:
    - spawn: julia failed with exit code - and signal -. Could not find executable "julia" in PATH.

- ⚠️ WARNING Ruby: not available
  - ADVICE:
    - spawn: ruby failed with exit code - and signal -. Could not find executable "ruby" in PATH.

- ⚠️ WARNING RubyGem: not available
  - ADVICE:
    - spawn: gem failed with exit code - and signal -. Could not find executable "gem" in PATH.

- ✅ OK node: `v25.5.0`
- ✅ OK python: `Python 3.12.10`
- ✅ OK npm: `11.8.0`
- ✅ OK pip: `pip 25.0.1 from C:\Users\jamie\scoop\apps\python312\current\Lib\site-packages\pip (python 3.12)`
- ✅ OK python venv: `Ok`

==============================================================================
nvim-treesitter:                                                            ✅

Installation ~
- ✅ OK `tree-sitter` found 0.25.10 (da6fe9beb4f7f67beb75914ca8e0d48ae48d6406) (parser generator, only needed for :TSInstallFromGrammar)
- ✅ OK `node` found v25.5.0 (only needed for :TSInstallFromGrammar)
- ✅ OK `git` executable found.
- ✅ OK `gcc` executable found. Selected from { vim.NIL, "cc", "gcc", "clang", "cl", "zig" }
  Version: gcc.exe (GCC) 15.2.0
- ✅ OK Neovim was compiled with tree-sitter runtime ABI version 15 (required >=13). Parsers must be compatible with runtime ABI.

OS Info:
{
  machine = "x86_64",
  release = "10.0.26200",
  sysname = "Windows_NT",
  version = "Windows 11 Home"
} ~

Parser/Features         H L F I J
  - bash                ✓ ✓ ✓ . ✓
  - gdscript            ✓ ✓ ✓ ✓ ✓
  - gdshader            ✓ . . . ✓
  - godot_resource      ✓ ✓ ✓ . ✓
  - json                ✓ ✓ ✓ ✓ .
  - latex               ✓ . ✓ . ✓
  - lua                 ✓ ✓ ✓ ✓ ✓
  - markdown            ✓ . ✓ ✓ ✓
  - markdown_inline     ✓ . . . ✓
  - query               ✓ ✓ ✓ ✓ ✓
  - scheme              ✓ . ✓ . ✓
  - vim                 ✓ ✓ ✓ . ✓
  - vimdoc              ✓ . . . ✓

  Legend: H[ighlight], L[ocals], F[olds], I[ndents], In[j]ections
         +) multiple parsers found, only one will be used
         x) errors found in the query, try to run :TSUpdate {lang} ~

==============================================================================
opencode:                                                                 2 ⚠️

opencode.nvim ~
- OS: Windows_NT 10.0.26200 (x86_64)
- `nvim` version: `0.11.6+ge8b87a554f`.
- `opencode.nvim` git commit hash: `632ec5879295a3103fa39742b2e3f0639496c96f`.
- `vim.g.opencode_opts`: {}

opencode.nvim [binaries] ~
- ✅ OK `opencode` available with version `1.1.65`.
- ✅ OK `curl` available.

opencode.nvim [snacks] ~
- ✅ OK `snacks.input` is enabled: `ask()` will be enhanced.
- ✅ OK `blink.cmp` is available: `opts.ask.blink_cmp_sources` will be registered in `ask()`.
- ✅ OK `snacks.picker` is enabled: `select()` will be enhanced.

opencode.nvim [providers] ~
- ✅ OK Configured `opencode` provider: `snacks`.
- ✅ OK The `snacks` provider is available.
- ⚠️ WARNING The `kitty` provider is not available — KITTY_LISTEN_ON environment variable is not set.
  - ADVICE:
    - Enable remote control in `kitty`.
- ✅ OK The `wezterm` provider is available.
- ⚠️ WARNING The `tmux` provider is not available — `tmux` executable not found in `$PATH`.
  - ADVICE:
    - Install `tmux` and ensure it's in your `$PATH`.
- ✅ OK The `terminal` provider is available.

==============================================================================
render-markdown:                                                          4 ⚠️

render-markdown.nvim [versions] ~
- ✅ OK neovim >= 0.11
- ✅ OK tree-sitter ABI: 15
- ✅ OK plugin: 8.11.7

render-markdown.nvim [configuration] ~
- ✅ OK valid

render-markdown.nvim [tree-sitter markdown] ~
- ✅ OK parser: installed
- ✅ OK ABI: 14
- ✅ OK highlights: ~\.local\share\nvim-data\lazy\nvim-treesitter\queries\markdown\highlights.scm
- ✅ OK highlighter: enabled

render-markdown.nvim [tree-sitter markdown_inline] ~
- ✅ OK parser: installed
- ✅ OK ABI: 14
- ✅ OK highlights: ~\.local\share\nvim-data\lazy\nvim-treesitter\queries\markdown_inline\highlights.scm

render-markdown.nvim [tree-sitter html] ~
- ⚠️ WARNING parser: not installed
  - ADVICE:
    - disable html support to avoid this warning
    - require('render-markdown').setup({ html = { enabled = false } })
- ⚠️ WARNING ABI: unknown
  - ADVICE:
    - disable html support to avoid this warning
    - require('render-markdown').setup({ html = { enabled = false } })

render-markdown.nvim [tree-sitter yaml] ~
- ⚠️ WARNING parser: not installed
  - ADVICE:
    - disable yaml support to avoid this warning
    - require('render-markdown').setup({ yaml = { enabled = false } })
- ⚠️ WARNING ABI: unknown
  - ADVICE:
    - disable yaml support to avoid this warning
    - require('render-markdown').setup({ yaml = { enabled = false } })

render-markdown.nvim [icons] ~
- ✅ OK using: nvim-web-devicons

render-markdown.nvim [conflicts] ~
- ✅ OK headlines: not installed
- ✅ OK markview: not installed
- ✅ OK obsidian: not installed

==============================================================================
snacks:                                                             5 ⚠️ 10 ❌

Snacks ~
- ✅ OK setup called

Snacks.bigfile ~
- ✅ OK setup {enabled}

Snacks.dashboard ~
- ✅ OK setup {enabled}
- ❌ ERROR setup did not run

Snacks.explorer ~
- ✅ OK setup {enabled}
- ✅ OK 'powershell' `At line:1 char:3`
- ✅ OK System trash command found

Snacks.image ~
- ⚠️ WARNING setup {disabled}
- ✅ OK 'wezterm' `wezterm 20240203-110809-5046fc22`
- ❌ ERROR Tool not found: 'magick'
- ❌ ERROR `magick` is required to convert images. Only PNG files will be displayed.
- ✅ OK Terminal Dimensions:
  - {size}: `720` x `432` pixels
  - {scale}: `1.13`
  - {cell}: `9` x `18` pixels
- ❌ ERROR Tool not found: 'gs'
- ⚠️ WARNING `gs` is required to render PDF files
- ❌ ERROR None of the tools found: 'tectonic', 'pdflatex'
- ⚠️ WARNING `tectonic` or `pdflatex` is required to render LaTeX math expressions
- ❌ ERROR Tool not found: 'mmdc'
- ⚠️ WARNING `mmdc` is required to render Mermaid diagrams
- ❌ ERROR your terminal does not support the kitty graphics protocol
- supported terminals: `kitty`, `wezterm`, `ghostty`

Snacks.input ~
- ✅ OK setup {enabled}
- ❌ ERROR `vim.ui.input` is not set to `Snacks.input`

Snacks.lazygit ~
- ❌ ERROR {lazygit} not installed

Snacks.notifier ~
- ✅ OK setup {enabled}
- ✅ OK is ready

Snacks.picker ~
- ✅ OK setup {enabled}
- ❌ ERROR `vim.ui.select` is not set to `Snacks.picker.select`
- ⚠️ WARNING Missing Treesitter languages:
    `regex`
- ✅ OK 'git' `git version 2.52.0.windows.1`
- ✅ OK 'rg' `ripgrep 15.1.0 (rev af60c2de9d)`
- ✅ OK `Snacks.picker.grep()` is available
- ✅ OK 'fd' `fd 10.3.0`
- ✅ OK `Snacks.picker.files()` is available
- ✅ OK `Snacks.picker.explorer()` is available
- ✅ OK `SQLite3` is available

Snacks.quickfile ~
- ✅ OK setup {enabled}

Snacks.scope ~
- ✅ OK setup {enabled}

Snacks.scroll ~
- ✅ OK setup {enabled}

Snacks.statuscolumn ~
- ✅ OK setup {enabled}

Snacks.terminal ~
- ✅ OK shell configured
  - `vim.o.shell`: bash
  - `parsed`: { "bash" }

Snacks.toggle ~
- ✅ OK {which-key} is installed

Snacks.words ~
- ✅ OK setup {enabled}

==============================================================================
telescope:                                                                  ✅

Checking for required plugins ~
- ✅ OK plenary installed.

Checking external dependencies ~
- ✅ OK rg: found ripgrep 15.1.0 (rev af60c2de9d)
- ✅ OK fd: found fd 10.3.0

===== Installed extensions ===== ~

==============================================================================
vim.deprecated:                                                             ✅

- ✅ OK No deprecated functions detected

==============================================================================
vim.health:                                                                 ✅

Configuration ~
- ✅ OK no issues found

Runtime ~
- ✅ OK $VIMRUNTIME: C:\Users\jamie\scoop\apps\neovim\current\share/nvim/runtime

Performance ~
- ✅ OK Build type: Release

Remote Plugins ~
- ✅ OK Up to date

terminal ~
- key_backspace (kbs) terminfo entry: `key_backspace=\177`
- key_dc (kdch1) terminfo entry: `key_dc=\E[3~`
- $TERM_PROGRAM="WezTerm"
- $COLORTERM="truecolor"

External Tools ~
- ✅ OK ripgrep 15.1.0 (rev af60c2de9d) (C:\Users\jamie\scoop\shims\rg.EXE)

==============================================================================
vim.lsp:                                                                  4 ⚠️

- LSP log level : WARN
- Log path: C:/Users/jamie/AppData/Local/nvim-data/lsp.log
- Log size: 161 KB

vim.lsp: Active Clients ~
- No active clients

vim.lsp: Enabled Configurations ~
- bash_language_server:
  - capabilities: {
      textDocument = {
        completion = {
          completionItem = {
            commitCharactersSupport = false,
            deprecatedSupport = true,
            documentationFormat = { "markdown", "plaintext" },
            insertReplaceSupport = true,
            insertTextModeSupport = {
              valueSet = { 1 }
            },
            labelDetailsSupport = true,
            preselectSupport = false,
            resolveSupport = {
              properties = { "documentation", "detail", "additionalTextEdits", "command", "data" }
            },
            snippetSupport = true,
            tagSupport = {
              valueSet = { 1 }
            }
          },
          completionList = {
            itemDefaults = { "commitCharacters", "editRange", "insertTextFormat", "insertTextMode", "data" }
          },
          contextSupport = true,
          insertTextMode = 1
        }
      }
    }

- ⚠️ WARNING Unknown filetype 'gd'.
- ⚠️ WARNING Unknown filetype 'gdscript3'.
- gdscript:
  - capabilities: {
      textDocument = {
        completion = {
          completionItem = {
            commitCharactersSupport = false,
            deprecatedSupport = true,
            documentationFormat = { "markdown", "plaintext" },
            insertReplaceSupport = true,
            insertTextModeSupport = {
              valueSet = { 1 }
            },
            labelDetailsSupport = true,
            preselectSupport = false,
            resolveSupport = {
              properties = { "documentation", "detail", "additionalTextEdits", "command", "data" }
            },
            snippetSupport = true,
            tagSupport = {
              valueSet = { 1 }
            }
          },
          completionList = {
            itemDefaults = { "commitCharacters", "editRange", "insertTextFormat", "insertTextMode", "data" }
          },
          contextSupport = true,
          insertTextMode = 1
        }
      }
    }
  - cmd: <function @C:/Users/jamie/scoop/apps/neovim/current/share/nvim/runtime/lua/vim/lsp/rpc.lua:626>
  - filetypes: gd, gdscript, gdscript3
  - root_markers: { "project.godot", ".git" }

- ⚠️ WARNING 'gdshader-lsp' is not executable. Configuration will not be used.
- ⚠️ WARNING Unknown filetype 'gdshaderinc'.
- gdshader_lsp:
  - capabilities: {
      textDocument = {
        completion = {
          completionItem = {
            commitCharactersSupport = false,
            deprecatedSupport = true,
            documentationFormat = { "markdown", "plaintext" },
            insertReplaceSupport = true,
            insertTextModeSupport = {
              valueSet = { 1 }
            },
            labelDetailsSupport = true,
            preselectSupport = false,
            resolveSupport = {
              properties = { "documentation", "detail", "additionalTextEdits", "command", "data" }
            },
            snippetSupport = true,
            tagSupport = {
              valueSet = { 1 }
            }
          },
          completionList = {
            itemDefaults = { "commitCharacters", "editRange", "insertTextFormat", "insertTextMode", "data" }
          },
          contextSupport = true,
          insertTextMode = 1
        }
      }
    }
  - cmd: { "gdshader-lsp", "--stdio" }
  - filetypes: gdshader, gdshaderinc
  - root_markers: { "project.godot" }

- lua_language_server:
  - capabilities: {
      textDocument = {
        completion = {
          completionItem = {
            commitCharactersSupport = false,
            deprecatedSupport = true,
            documentationFormat = { "markdown", "plaintext" },
            insertReplaceSupport = true,
            insertTextModeSupport = {
              valueSet = { 1 }
            },
            labelDetailsSupport = true,
            preselectSupport = false,
            resolveSupport = {
              properties = { "documentation", "detail", "additionalTextEdits", "command", "data" }
            },
            snippetSupport = true,
            tagSupport = {
              valueSet = { 1 }
            }
          },
          completionList = {
            itemDefaults = { "commitCharacters", "editRange", "insertTextFormat", "insertTextMode", "data" }
          },
          contextSupport = true,
          insertTextMode = 1
        }
      }
    }


vim.lsp: File Watcher ~
- file watching "(workspace/didChangeWatchedFiles)" disabled on all clients

vim.lsp: Position Encodings ~
- No active clients

==============================================================================
vim.provider:                                                             6 ⚠️

Clipboard (optional) ~
- ✅ OK Clipboard tool found: win32yank

Node.js provider (optional) ~
- Node.js: v25.5.0

- ⚠️ WARNING Missing "neovim" npm (or yarn, pnpm) package.
  - ADVICE:
    - Run in shell: npm install -g neovim
    - Run in shell (if you use yarn): yarn global add neovim
    - Run in shell (if you use pnpm): pnpm install -g neovim
    - You may disable this provider (and warning) by adding `let g:loaded_node_provider = 0` to your init.vim

Perl provider (optional) ~
- ⚠️ WARNING "Neovim::Ext" cpan module is not installed
  - ADVICE:
    - See :help |provider-perl| for more information.
    - You can disable this provider (and warning) by adding `let g:loaded_perl_provider = 0` to your init.vim
- ⚠️ WARNING No usable perl executable found

Python 3 provider (optional) ~
- ⚠️ WARNING No Python executable found that can `import neovim`. Using the first available executable for diagnostics.
- ⚠️ WARNING Could not load Python :
  C:\Users\jamie\scoop\shims\python3.EXE does not have the "neovim" module.
  python3.13 not found in search path or not executable.
  python3.12 not found in search path or not executable.
  python3.11 not found in search path or not executable.
  python3.10 not found in search path or not executable.
  python3.9 not found in search path or not executable.
  C:\Users\jamie\scoop\apps\python312\current\python.EXE does not have the "neovim" module.
  - ADVICE:
    - See :help |provider-python| for more information.
    - You can disable this provider (and warning) by adding `let g:loaded_python3_provider = 0` to your init.vim
- Executable: Not found

Python virtualenv ~
- ✅ OK no $VIRTUAL_ENV

Ruby provider (optional) ~
- ⚠️ WARNING `ruby` and `gem` must be in $PATH.
  - ADVICE:
    - Install Ruby and verify that `ruby` and `gem` commands work.

==============================================================================
vim.treesitter:                                                             ✅

Treesitter features ~
- Treesitter ABI support: min 13, max 15
- WASM parser support: false

Treesitter parsers ~
- ✅ OK Parser: bash                      ABI: 14, path: C:\Users\jamie\.local\share\nvim-data\lazy\nvim-treesitter\parser\bash.so
- ✅ OK Parser: c                         ABI: 15, path: C:\Users\jamie\scoop\apps\neovim\current\lib\nvim\parser\c.dll
- ✅ OK Parser: gdscript                  ABI: 14, path: C:\Users\jamie\.local\share\nvim-data\lazy\nvim-treesitter\parser\gdscript.so
- ✅ OK Parser: gdshader                  ABI: 14, path: C:\Users\jamie\.local\share\nvim-data\lazy\nvim-treesitter\parser\gdshader.so
- ✅ OK Parser: godot_resource            ABI: 14, path: C:\Users\jamie\.local\share\nvim-data\lazy\nvim-treesitter\parser\godot_resource.so
- ✅ OK Parser: json                      ABI: 14, path: C:\Users\jamie\.local\share\nvim-data\lazy\nvim-treesitter\parser\json.so
- ✅ OK Parser: latex                     ABI: 14, path: C:\Users\jamie\.local\share\nvim-data\lazy\nvim-treesitter\parser\latex.so
- ✅ OK Parser: lua                       ABI: 14, path: C:\Users\jamie\.local\share\nvim-data\lazy\nvim-treesitter\parser\lua.so
- ✅ OK Parser: lua                  (not loaded), path: C:\Users\jamie\scoop\apps\neovim\current\lib\nvim\parser\lua.dll
- ✅ OK Parser: markdown                  ABI: 14, path: C:\Users\jamie\.local\share\nvim-data\lazy\nvim-treesitter\parser\markdown.so
- ✅ OK Parser: markdown             (not loaded), path: C:\Users\jamie\scoop\apps\neovim\current\lib\nvim\parser\markdown.dll
- ✅ OK Parser: markdown_inline           ABI: 14, path: C:\Users\jamie\.local\share\nvim-data\lazy\nvim-treesitter\parser\markdown_inline.so
- ✅ OK Parser: markdown_inline      (not loaded), path: C:\Users\jamie\scoop\apps\neovim\current\lib\nvim\parser\markdown_inline.dll
- ✅ OK Parser: query                     ABI: 14, path: C:\Users\jamie\.local\share\nvim-data\lazy\nvim-treesitter\parser\query.so
- ✅ OK Parser: query                (not loaded), path: C:\Users\jamie\scoop\apps\neovim\current\lib\nvim\parser\query.dll
- ✅ OK Parser: scheme                    ABI: 14, path: C:\Users\jamie\.local\share\nvim-data\lazy\nvim-treesitter\parser\scheme.so
- ✅ OK Parser: vim                       ABI: 14, path: C:\Users\jamie\.local\share\nvim-data\lazy\nvim-treesitter\parser\vim.so
- ✅ OK Parser: vim                  (not loaded), path: C:\Users\jamie\scoop\apps\neovim\current\lib\nvim\parser\vim.dll
- ✅ OK Parser: vimdoc                    ABI: 14, path: C:\Users\jamie\.local\share\nvim-data\lazy\nvim-treesitter\parser\vimdoc.so
- ✅ OK Parser: vimdoc               (not loaded), path: C:\Users\jamie\scoop\apps\neovim\current\lib\nvim\parser\vimdoc.dll

